#
# There is insufficient memory for the Java Runtime Environment to continue.
# Native memory allocation (malloc) failed to allocate 1114816 bytes for Chunk::new
# Possible reasons:
#   The system is out of physical RAM or swap space
#   The process is running with CompressedOops enabled, and the Java Heap may be blocking the growth of the native heap
# Possible solutions:
#   Reduce memory load on the system
#   Increase physical memory or swap space
#   Check if swap backing store is full
#   Decrease Java heap size (-Xmx/-Xms)
#   Decrease number of Java threads
#   Decrease Java thread stack sizes (-Xss)
#   Set larger code cache with -XX:ReservedCodeCacheSize=
#   JVM is running with Unscaled Compressed Oops mode in which the Java heap is
#     placed in the first 4GB address space. The Java Heap base address is the
#     maximum limit for the native heap growth. Please use -XX:HeapBaseMinAddress
#     to set the Java Heap base and to place the Java Heap above 4GB virtual address.
# This output file may be truncated or incomplete.
#
#  Out of Memory Error (allocation.cpp:389), pid=9552, tid=0x0000000000000e4c
#
# JRE version: OpenJDK Runtime Environment (8.0_212-b04) (build 1.8.0_212-release-1586-b04)
# Java VM: OpenJDK 64-Bit Server VM (25.212-b04 mixed mode windows-amd64 compressed oops)
# Failed to write core dump. Minidumps are not enabled by default on client versions of Windows
#

---------------  T H R E A D  ---------------

Current thread (0x0000000016a8c800):  JavaThread "C2 CompilerThread0" daemon [_thread_in_native, id=3660, stack(0x00000000180e0000,0x00000000181e0000)]

Stack: [0x00000000180e0000,0x00000000181e0000]
[error occurred during error reporting (printing stack bounds), id 0xc0000005]

Native frames: (J=compiled Java code, j=interpreted, Vv=VM code, C=native code)


Current CompileTask:
C2: 343979 16622       4       com.sun.org.apache.xerces.internal.impl.XMLNSDocumentScannerImpl::scanStartElement (1026 bytes)


---------------  P R O C E S S  ---------------

Java Threads: ( => current thread )
  0x000000001cfbe800 JavaThread "WorkerExecutor Queue" [_thread_blocked, id=15008, stack(0x0000000022ee0000,0x0000000022fe0000)]
  0x000000001cfb5800 JavaThread "Cache worker for execution history cache (C:\Users\TestUser\AndroidStudioProjects\UTS\.gradle\5.6.4\executionHistory)" [_thread_blocked, id=14452, stack(0x0000000022de0000,0x0000000022ee0000)]
  0x000000001cfbc800 JavaThread "Execution worker for ':' Thread 3" [_thread_blocked, id=3060, stack(0x0000000022ce0000,0x0000000022de0000)]
  0x000000001cfb5000 JavaThread "Execution worker for ':' Thread 2" [_thread_blocked, id=2976, stack(0x0000000022be0000,0x0000000022ce0000)]
  0x000000001cfb3800 JavaThread "Execution worker for ':'" [_thread_in_Java, id=15912, stack(0x0000000022ae0000,0x0000000022be0000)]
  0x0000000026cdd800 JavaThread "Cache worker for file content cache (C:\Users\TestUser\AndroidStudioProjects\UTS\.gradle\5.6.4\fileContent)" [_thread_blocked, id=16008, stack(0x00000000229e0000,0x0000000022ae0000)]
  0x0000000026cdc800 JavaThread "Cache worker for Build Output Cleanup Cache (C:\Users\TestUser\AndroidStudioProjects\UTS\.gradle\buildOutputCleanup)" [_thread_blocked, id=15600, stack(0x00000000224e0000,0x00000000225e0000)]
  0x0000000026cd9800 JavaThread "Build operations Thread 4" [_thread_blocked, id=10352, stack(0x00000000203a0000,0x00000000204a0000)]
  0x0000000026cd9000 JavaThread "Build operations Thread 3" [_thread_blocked, id=12088, stack(0x00000000200a0000,0x00000000201a0000)]
  0x0000000026cdc000 JavaThread "Build operations Thread 2" [_thread_blocked, id=1152, stack(0x000000001ffa0000,0x00000000200a0000)]
  0x0000000026cda800 JavaThread "Build operations" [_thread_blocked, id=9528, stack(0x000000001f7a0000,0x000000001f8a0000)]
  0x0000000026cdb000 JavaThread "Cache worker for cache directory md-rule (C:\Users\TestUser\.gradle\caches\5.6.4\md-rule)" [_thread_blocked, id=4516, stack(0x000000001f6a0000,0x000000001f7a0000)]
  0x0000000026cd1800 JavaThread "Cache worker for cache directory md-supplier (C:\Users\TestUser\.gradle\caches\5.6.4\md-supplier)" [_thread_blocked, id=14596, stack(0x000000001eba0000,0x000000001eca0000)]
  0x0000000026cd8000 JavaThread "Cache worker for file hash cache (C:\Users\TestUser\AndroidStudioProjects\UTS\.gradle\5.6.4\fileHashes)" [_thread_blocked, id=13552, stack(0x000000001c300000,0x000000001c400000)]
  0x0000000026cd0800 JavaThread "Thread-43" [_thread_blocked, id=2532, stack(0x000000001c200000,0x000000001c300000)]
  0x0000000026cd6000 JavaThread "Stdin handler" [_thread_blocked, id=10940, stack(0x000000001c100000,0x000000001c200000)]
  0x0000000026cd7800 JavaThread "Asynchronous log dispatcher for DefaultDaemonConnection: socket connection from /127.0.0.1:55957 to /127.0.0.1:55986" [_thread_blocked, id=7180, stack(0x000000001c000000,0x000000001c100000)]
  0x0000000026cd5000 JavaThread "Daemon worker Thread 2" [_thread_blocked, id=11420, stack(0x000000001bf00000,0x000000001c000000)]
  0x0000000026cd4800 JavaThread "Cancel handler" [_thread_blocked, id=15756, stack(0x000000001bc00000,0x000000001bd00000)]
  0x0000000026ccf800 JavaThread "Handler for socket connection from /127.0.0.1:55957 to /127.0.0.1:55986" [_thread_in_native, id=13672, stack(0x000000001bb00000,0x000000001bc00000)]
  0x0000000026cd2000 JavaThread "Daemon Thread 2" [_thread_blocked, id=8776, stack(0x0000000002d30000,0x0000000002e30000)]
  0x000000001868f800 JavaThread "Cache worker for Java compile cache (C:\Users\TestUser\.gradle\caches\5.6.4\javaCompile)" [_thread_blocked, id=3132, stack(0x00000000234e0000,0x00000000235e0000)]
  0x000000001cfb7000 JavaThread "Cache worker for file content cache (C:\Users\TestUser\.gradle\caches\5.6.4\fileContent)" [_thread_blocked, id=2100, stack(0x00000000223e0000,0x00000000224e0000)]
  0x000000001cfbe000 JavaThread "Memory manager" [_thread_blocked, id=10412, stack(0x0000000020af0000,0x0000000020bf0000)]
  0x000000001cfb6800 JavaThread "Cache worker for execution history cache (C:\Users\TestUser\.gradle\caches\5.6.4\executionHistory)" [_thread_blocked, id=2496, stack(0x000000001faa0000,0x000000001fba0000)]
  0x000000001936d000 JavaThread "Cache worker for journal cache (C:\Users\TestUser\.gradle\caches\journal-1)" [_thread_blocked, id=3900, stack(0x000000001c600000,0x000000001c700000)]
  0x0000000019369000 JavaThread "File lock request listener" [_thread_in_native, id=15024, stack(0x000000001c500000,0x000000001c600000)]
  0x0000000018fe0800 JavaThread "Cache worker for file hash cache (C:\Users\TestUser\.gradle\caches\5.6.4\fileHashes)" [_thread_blocked, id=13616, stack(0x000000001c400000,0x000000001c500000)]
  0x000000001956d800 JavaThread "Daemon periodic checks" [_thread_blocked, id=8176, stack(0x000000001ba00000,0x000000001bb00000)]
  0x00000000186d9000 JavaThread "Incoming local TCP Connector on port 55957" [_thread_in_native, id=8248, stack(0x000000001b7c0000,0x000000001b8c0000)]
  0x000000001a3b8000 JavaThread "Daemon health stats" [_thread_blocked, id=7624, stack(0x000000001b180000,0x000000001b280000)]
  0x0000000016aee800 JavaThread "Service Thread" daemon [_thread_blocked, id=12408, stack(0x00000000187e0000,0x00000000188e0000)]
  0x00000000182e8800 JavaThread "C1 CompilerThread2" daemon [_thread_blocked, id=12776, stack(0x00000000186e0000,0x00000000187e0000)]
  0x0000000016ae7800 JavaThread "C2 CompilerThread1" daemon [_thread_in_vm, id=14704, stack(0x00000000181e0000,0x00000000182e0000)]
=>0x0000000016a8c800 JavaThread "C2 CompilerThread0" daemon [_thread_in_native, id=3660, stack(0x00000000180e0000,0x00000000181e0000)]
  0x0000000016a8b800 JavaThread "Attach Listener" daemon [_thread_blocked, id=15684, stack(0x0000000017fe0000,0x00000000180e0000)]
  0x0000000016a8a800 JavaThread "Signal Dispatcher" daemon [_thread_blocked, id=592, stack(0x0000000017ee0000,0x0000000017fe0000)]
  0x000000000311c800 JavaThread "Finalizer" daemon [_thread_blocked, id=14600, stack(0x0000000017ce0000,0x0000000017de0000)]
  0x0000000016a79800 JavaThread "Reference Handler" daemon [_thread_blocked, id=10316, stack(0x0000000017be0000,0x0000000017ce0000)]
  0x0000000002e9e800 JavaThread "main" [_thread_blocked, id=8204, stack(0x0000000002f20000,0x0000000003020000)]

Other Threads:
  0x0000000016a56000 VMThread [stack: 0x0000000017ae0000,0x0000000017be0000] [id=596]
  0x0000000018305800 WatcherThread [stack: 0x00000000188e0000,0x00000000189e0000] [id=1224]

VM state:not at safepoint (normal execution)

VM Mutex/Monitor currently owned by a thread: None

heap address: 0x00000000a0000000, size: 1536 MB, Compressed Oops mode: 32-bit
Narrow klass base: 0x0000000000000000, Narrow klass shift: 3
Compressed class space size: 1073741824 Address: 0x0000000100000000

Heap:
 PSYoungGen      total 495104K, used 383029K [0x00000000e0000000, 0x0000000100000000, 0x0000000100000000)
  eden space 467968K, 78% used [0x00000000e0000000,0x00000000f64e5178,0x00000000fc900000)
  from space 27136K, 64% used [0x00000000fe580000,0x00000000ff6a8358,0x0000000100000000)
  to   space 28160K, 0% used [0x00000000fc900000,0x00000000fc900000,0x00000000fe480000)
 ParOldGen       total 145920K, used 64720K [0x00000000a0000000, 0x00000000a8e80000, 0x00000000e0000000)
  object space 145920K, 44% used [0x00000000a0000000,0x00000000a3f340e8,0x00000000a8e80000)
 Metaspace       used 86915K, capacity 90130K, committed 90516K, reserved 1128448K
  class space    used 11215K, capacity 11886K, committed 11964K, reserved 1048576K

Card table byte_map: [0x00000000124e0000,0x00000000127f0000] byte_map_base: 0x0000000011fe0000

Marking Bits: (ParMarkBitMap*) 0x0000000061999f30
 Begin Bits: [0x0000000012df0000, 0x00000000145f0000)
 End Bits:   [0x00000000145f0000, 0x0000000015df0000)

Polling page: 0x0000000001170000

CodeCache: size=245760Kb used=48404Kb max_used=48418Kb free=197355Kb
 bounds [0x0000000003120000, 0x00000000060a0000, 0x0000000012120000]
 total_blobs=15277 nmethods=14405 adapters=784
 compilation: enabled

Compilation events (10 events):
Event: 343.955 Thread 0x00000000182e8800 16835       3       com.google.common.collect.AbstractMapBasedMultimap$WrappedCollection$WrappedIterator::validateIterator (30 bytes)
Event: 343.956 Thread 0x00000000182e8800 nmethod 16835 0x0000000006090990 code [0x0000000006090b20, 0x0000000006090e38]
Event: 343.956 Thread 0x00000000182e8800 16836       3       com.sun.org.apache.xerces.internal.dom.AttrImpl::setOwnerDocument (49 bytes)
Event: 343.958 Thread 0x00000000182e8800 nmethod 16836 0x000000000608f990 code [0x000000000608fb80, 0x0000000006090728]
Event: 343.959 Thread 0x0000000016ae7800 nmethod 16828 0x0000000006083750 code [0x00000000060838a0, 0x0000000006083b18]
Event: 343.959 Thread 0x0000000016ae7800 16834       4       com.sun.org.apache.xerces.internal.dom.AttrImpl::getValue (176 bytes)
Event: 343.963 Thread 0x00000000182e8800 16838       3       com.android.ide.common.resources.ResourceMergerItem::compareTo (48 bytes)
Event: 343.965 Thread 0x00000000182e8800 nmethod 16838 0x00000000060845d0 code [0x0000000006084780, 0x0000000006084e88]
Event: 343.972 Thread 0x00000000182e8800 16839       3       com.sun.org.apache.xerces.internal.dom.AttrImpl::getNodeValue (5 bytes)
Event: 343.972 Thread 0x00000000182e8800 nmethod 16839 0x0000000006089090 code [0x0000000006089200, 0x0000000006089408]

GC Heap History (10 events):
Event: 99.189 GC heap before
{Heap before GC invocations=26 (full 3):
 PSYoungGen      total 471552K, used 464464K [0x00000000e0000000, 0x00000000fe580000, 0x0000000100000000)
  eden space 457216K, 100% used [0x00000000e0000000,0x00000000fbe80000,0x00000000fbe80000)
  from space 14336K, 50% used [0x00000000fd780000,0x00000000fde94060,0x00000000fe580000)
  to   space 19968K, 0% used [0x00000000fbe80000,0x00000000fbe80000,0x00000000fd200000)
 ParOldGen       total 90624K, used 67588K [0x00000000a0000000, 0x00000000a5880000, 0x00000000e0000000)
  object space 90624K, 74% used [0x00000000a0000000,0x00000000a4201258,0x00000000a5880000)
 Metaspace       used 79960K, capacity 83312K, committed 83604K, reserved 1122304K
  class space    used 10675K, capacity 11371K, committed 11452K, reserved 1048576K
Event: 99.287 GC heap after
Heap after GC invocations=26 (full 3):
 PSYoungGen      total 477184K, used 19020K [0x00000000e0000000, 0x0000000100000000, 0x0000000100000000)
  eden space 457216K, 0% used [0x00000000e0000000,0x00000000e0000000,0x00000000fbe80000)
  from space 19968K, 95% used [0x00000000fbe80000,0x00000000fd113078,0x00000000fd200000)
  to   space 22528K, 0% used [0x00000000fea00000,0x00000000fea00000,0x0000000100000000)
 ParOldGen       total 90624K, used 67596K [0x00000000a0000000, 0x00000000a5880000, 0x00000000e0000000)
  object space 90624K, 74% used [0x00000000a0000000,0x00000000a4203258,0x00000000a5880000)
 Metaspace       used 79960K, capacity 83312K, committed 83604K, reserved 1122304K
  class space    used 10675K, capacity 11371K, committed 11452K, reserved 1048576K
}
Event: 106.875 GC heap before
{Heap before GC invocations=27 (full 3):
 PSYoungGen      total 477184K, used 476236K [0x00000000e0000000, 0x0000000100000000, 0x0000000100000000)
  eden space 457216K, 100% used [0x00000000e0000000,0x00000000fbe80000,0x00000000fbe80000)
  from space 19968K, 95% used [0x00000000fbe80000,0x00000000fd113078,0x00000000fd200000)
  to   space 22528K, 0% used [0x00000000fea00000,0x00000000fea00000,0x0000000100000000)
 ParOldGen       total 90624K, used 67596K [0x00000000a0000000, 0x00000000a5880000, 0x00000000e0000000)
  object space 90624K, 74% used [0x00000000a0000000,0x00000000a4203258,0x00000000a5880000)
 Metaspace       used 80405K, capacity 83798K, committed 83860K, reserved 1122304K
  class space    used 10725K, capacity 11416K, committed 11452K, reserved 1048576K
Event: 107.032 GC heap after
Heap after GC invocations=27 (full 3):
 PSYoungGen      total 489472K, used 22499K [0x00000000e0000000, 0x0000000100000000, 0x0000000100000000)
  eden space 466944K, 0% used [0x00000000e0000000,0x00000000e0000000,0x00000000fc800000)
  from space 22528K, 99% used [0x00000000fea00000,0x00000000ffff8c20,0x0000000100000000)
  to   space 28672K, 0% used [0x00000000fc800000,0x00000000fc800000,0x00000000fe400000)
 ParOldGen       total 90624K, used 73822K [0x00000000a0000000, 0x00000000a5880000, 0x00000000e0000000)
  object space 90624K, 81% used [0x00000000a0000000,0x00000000a48179c0,0x00000000a5880000)
 Metaspace       used 80405K, capacity 83798K, committed 83860K, reserved 1122304K
  class space    used 10725K, capacity 11416K, committed 11452K, reserved 1048576K
}
Event: 114.486 GC heap before
{Heap before GC invocations=28 (full 3):
 PSYoungGen      total 489472K, used 489443K [0x00000000e0000000, 0x0000000100000000, 0x0000000100000000)
  eden space 466944K, 100% used [0x00000000e0000000,0x00000000fc800000,0x00000000fc800000)
  from space 22528K, 99% used [0x00000000fea00000,0x00000000ffff8c20,0x0000000100000000)
  to   space 28672K, 0% used [0x00000000fc800000,0x00000000fc800000,0x00000000fe400000)
 ParOldGen       total 90624K, used 73822K [0x00000000a0000000, 0x00000000a5880000, 0x00000000e0000000)
  object space 90624K, 81% used [0x00000000a0000000,0x00000000a48179c0,0x00000000a5880000)
 Metaspace       used 80986K, capacity 84452K, committed 84756K, reserved 1122304K
  class space    used 10793K, capacity 11483K, committed 11580K, reserved 1048576K
Event: 114.575 GC heap after
Heap after GC invocations=28 (full 3):
 PSYoungGen      total 495616K, used 8933K [0x00000000e0000000, 0x0000000100000000, 0x0000000100000000)
  eden space 466944K, 0% used [0x00000000e0000000,0x00000000e0000000,0x00000000fc800000)
  from space 28672K, 31% used [0x00000000fc800000,0x00000000fd0b95e0,0x00000000fe400000)
  to   space 27136K, 0% used [0x00000000fe580000,0x00000000fe580000,0x0000000100000000)
 ParOldGen       total 90624K, used 84628K [0x00000000a0000000, 0x00000000a5880000, 0x00000000e0000000)
  object space 90624K, 93% used [0x00000000a0000000,0x00000000a52a5340,0x00000000a5880000)
 Metaspace       used 80986K, capacity 84452K, committed 84756K, reserved 1122304K
  class space    used 10793K, capacity 11483K, committed 11580K, reserved 1048576K
}
Event: 114.575 GC heap before
{Heap before GC invocations=29 (full 4):
 PSYoungGen      total 495616K, used 8933K [0x00000000e0000000, 0x0000000100000000, 0x0000000100000000)
  eden space 466944K, 0% used [0x00000000e0000000,0x00000000e0000000,0x00000000fc800000)
  from space 28672K, 31% used [0x00000000fc800000,0x00000000fd0b95e0,0x00000000fe400000)
  to   space 27136K, 0% used [0x00000000fe580000,0x00000000fe580000,0x0000000100000000)
 ParOldGen       total 90624K, used 84628K [0x00000000a0000000, 0x00000000a5880000, 0x00000000e0000000)
  object space 90624K, 93% used [0x00000000a0000000,0x00000000a52a5340,0x00000000a5880000)
 Metaspace       used 80986K, capacity 84452K, committed 84756K, reserved 1122304K
  class space    used 10793K, capacity 11483K, committed 11580K, reserved 1048576K
Event: 115.133 GC heap after
Heap after GC invocations=29 (full 4):
 PSYoungGen      total 495616K, used 0K [0x00000000e0000000, 0x0000000100000000, 0x0000000100000000)
  eden space 466944K, 0% used [0x00000000e0000000,0x00000000e0000000,0x00000000fc800000)
  from space 28672K, 0% used [0x00000000fc800000,0x00000000fc800000,0x00000000fe400000)
  to   space 27136K, 0% used [0x00000000fe580000,0x00000000fe580000,0x0000000100000000)
 ParOldGen       total 145920K, used 64712K [0x00000000a0000000, 0x00000000a8e80000, 0x00000000e0000000)
  object space 145920K, 44% used [0x00000000a0000000,0x00000000a3f320e8,0x00000000a8e80000)
 Metaspace       used 80468K, capacity 83456K, committed 84756K, reserved 1122304K
  class space    used 10677K, capacity 11279K, committed 11580K, reserved 1048576K
}
Event: 124.532 GC heap before
{Heap before GC invocations=30 (full 4):
 PSYoungGen      total 495616K, used 466944K [0x00000000e0000000, 0x0000000100000000, 0x0000000100000000)
  eden space 466944K, 100% used [0x00000000e0000000,0x00000000fc800000,0x00000000fc800000)
  from space 28672K, 0% used [0x00000000fc800000,0x00000000fc800000,0x00000000fe400000)
  to   space 27136K, 0% used [0x00000000fe580000,0x00000000fe580000,0x0000000100000000)
 ParOldGen       total 145920K, used 64712K [0x00000000a0000000, 0x00000000a8e80000, 0x00000000e0000000)
  object space 145920K, 44% used [0x00000000a0000000,0x00000000a3f320e8,0x00000000a8e80000)
 Metaspace       used 80497K, capacity 83490K, committed 84756K, reserved 1122304K
  class space    used 10682K, capacity 11312K, committed 11580K, reserved 1048576K
Event: 124.611 GC heap after
Heap after GC invocations=30 (full 4):
 PSYoungGen      total 495104K, used 17568K [0x00000000e0000000, 0x0000000100000000, 0x0000000100000000)
  eden space 467968K, 0% used [0x00000000e0000000,0x00000000e0000000,0x00000000fc900000)
  from space 27136K, 64% used [0x00000000fe580000,0x00000000ff6a8358,0x0000000100000000)
  to   space 28160K, 0% used [0x00000000fc900000,0x00000000fc900000,0x00000000fe480000)
 ParOldGen       total 145920K, used 64720K [0x00000000a0000000, 0x00000000a8e80000, 0x00000000e0000000)
  object space 145920K, 44% used [0x00000000a0000000,0x00000000a3f340e8,0x00000000a8e80000)
 Metaspace       used 80497K, capacity 83490K, committed 84756K, reserved 1122304K
  class space    used 10682K, capacity 11312K, committed 11580K, reserved 1048576K
}

Deoptimization events (10 events):
Event: 343.151 Thread 0x000000001cfb3800 Uncommon trap: reason=bimorphic action=maybe_recompile pc=0x0000000005fb1948 method=com.sun.org.apache.xerces.internal.dom.CoreDocumentImpl.isKidOK(Lorg/w3c/dom/Node;Lorg/w3c/dom/Node;)Z @ 39
Event: 343.151 Thread 0x000000001cfb3800 Uncommon trap: reason=bimorphic action=maybe_recompile pc=0x0000000005fb1948 method=com.sun.org.apache.xerces.internal.dom.CoreDocumentImpl.isKidOK(Lorg/w3c/dom/Node;Lorg/w3c/dom/Node;)Z @ 39
Event: 343.151 Thread 0x000000001cfb3800 Uncommon trap: reason=bimorphic action=maybe_recompile pc=0x0000000005fac938 method=com.sun.org.apache.xerces.internal.dom.CoreDocumentImpl.isKidOK(Lorg/w3c/dom/Node;Lorg/w3c/dom/Node;)Z @ 39
Event: 343.174 Thread 0x000000001cfb3800 Uncommon trap: reason=bimorphic action=maybe_recompile pc=0x0000000005fcee8c method=com.sun.org.apache.xerces.internal.dom.AttributeMap.setNamedItem(Lorg/w3c/dom/Node;)Lorg/w3c/dom/Node; @ 4
Event: 343.181 Thread 0x000000001cfb3800 Uncommon trap: reason=bimorphic action=maybe_recompile pc=0x0000000005fcee8c method=com.sun.org.apache.xerces.internal.dom.AttributeMap.setNamedItem(Lorg/w3c/dom/Node;)Lorg/w3c/dom/Node; @ 4
Event: 343.194 Thread 0x000000001cfb3800 Uncommon trap: reason=unstable_if action=reinterpret pc=0x0000000005fd375c method=com.sun.org.apache.xerces.internal.dom.ParentNode.nodeListItem(I)Lorg/w3c/dom/Node; @ 76
Event: 343.194 Thread 0x000000001cfb3800 Uncommon trap: reason=unstable_if action=reinterpret pc=0x0000000005faff4c method=com.sun.org.apache.xerces.internal.dom.ParentNode.nodeListItem(I)Lorg/w3c/dom/Node; @ 139
Event: 343.292 Thread 0x000000001cfb3800 Uncommon trap: reason=bimorphic action=maybe_recompile pc=0x0000000005fcee8c method=com.sun.org.apache.xerces.internal.dom.AttributeMap.setNamedItem(Lorg/w3c/dom/Node;)Lorg/w3c/dom/Node; @ 4
Event: 343.301 Thread 0x000000001cfb3800 Uncommon trap: reason=bimorphic action=maybe_recompile pc=0x0000000005fcee8c method=com.sun.org.apache.xerces.internal.dom.AttributeMap.setNamedItem(Lorg/w3c/dom/Node;)Lorg/w3c/dom/Node; @ 4
Event: 343.408 Thread 0x000000001cfb3800 Uncommon trap: reason=unstable_if action=reinterpret pc=0x00000000032516c8 method=sun.nio.cs.UTF_8$Encoder.encodeArrayLoop(Ljava/nio/CharBuffer;Ljava/nio/ByteBuffer;)Ljava/nio/charset/CoderResult; @ 87

Classes redefined (0 events):
No events

Internal exceptions (10 events):
Event: 129.951 Thread 0x0000000026cd1800 Exception <a 'java/lang/NoSuchMethodError': java.lang.Object.lambda$asRunnable$0(Lcom/android/tools/build/apkzlib/utils/IOExceptionRunnable;)V> (0x00000000e98a9db0) thrown at [D:\src\AOSP-openjdk-cygwin\jdk8u\hotspot\src\share\vm\interpreter\linkResolver.
Event: 130.238 Thread 0x0000000026cd1800 Exception <a 'java/lang/NoSuchMethodError': java.lang.Object.newSystemTemporaryDirectory()Lcom/android/tools/build/apkzlib/bytestorage/TemporaryDirectory;> (0x00000000e9ace4c0) thrown at [D:\src\AOSP-openjdk-cygwin\jdk8u\hotspot\src\share\vm\interpreter\l
Event: 130.641 Thread 0x0000000026cd1800 Exception <a 'sun/nio/fs/WindowsException'> (0x00000000e9c45da8) thrown at [D:\src\AOSP-openjdk-cygwin\jdk8u\hotspot\src\share\vm\prims\jni.cpp, line 710]
Event: 130.642 Thread 0x0000000026cd1800 Exception <a 'sun/nio/fs/WindowsException'> (0x00000000e9c462b0) thrown at [D:\src\AOSP-openjdk-cygwin\jdk8u\hotspot\src\share\vm\prims\jni.cpp, line 710]
Event: 130.674 Thread 0x0000000026cd1800 Exception <a 'java/lang/NoSuchMethodError': java.lang.Object.lambda$static$0(Lcom/android/apksig/util/RunnablesProvider;)V> (0x00000000e9c9ca48) thrown at [D:\src\AOSP-openjdk-cygwin\jdk8u\hotspot\src\share\vm\interpreter\linkResolver.cpp, line 620]
Event: 132.344 Thread 0x0000000019ae7000 Exception <a 'sun/nio/fs/WindowsException'> (0x00000000eb166180) thrown at [D:\src\AOSP-openjdk-cygwin\jdk8u\hotspot\src\share\vm\prims\jni.cpp, line 710]
Event: 338.559 Thread 0x000000001cfbc800 Exception <a 'java/lang/NoSuchMethodError': <clinit>> (0x00000000f12e7488) thrown at [D:\src\AOSP-openjdk-cygwin\jdk8u\hotspot\src\share\vm\prims\jni.cpp, line 1614]
Event: 338.562 Thread 0x000000001cfbc800 Exception <a 'java/lang/NoSuchMethodError': <clinit>> (0x00000000f12f9b50) thrown at [D:\src\AOSP-openjdk-cygwin\jdk8u\hotspot\src\share\vm\prims\jni.cpp, line 1614]
Event: 338.869 Thread 0x000000001cfbe800 Exception <a 'sun/nio/fs/WindowsException'> (0x00000000f152aac0) thrown at [D:\src\AOSP-openjdk-cygwin\jdk8u\hotspot\src\share\vm\prims\jni.cpp, line 710]
Event: 339.071 Thread 0x000000001cfbc800 Exception <a 'sun/nio/fs/WindowsException'> (0x00000000f1935780) thrown at [D:\src\AOSP-openjdk-cygwin\jdk8u\hotspot\src\share\vm\prims\jni.cpp, line 710]

Events (10 events):
Event: 343.301 Thread 0x000000001cfb3800 DEOPT UNPACKING pc=0x000000000316557b sp=0x0000000022bdaf98 mode 2
Event: 343.335 Thread 0x000000001cfb3800 DEOPT PACKING pc=0x000000000475a073 sp=0x0000000022bdabb0
Event: 343.335 Thread 0x000000001cfb3800 DEOPT UNPACKING pc=0x00000000031671d0 sp=0x0000000022bda9a0 mode 0
Event: 343.407 Thread 0x000000001cfb3800 DEOPT PACKING pc=0x000000000475a073 sp=0x0000000022bdabb0
Event: 343.408 Thread 0x000000001cfb3800 DEOPT UNPACKING pc=0x00000000031671d0 sp=0x0000000022bda9a0 mode 0
Event: 343.408 Thread 0x000000001cfb3800 Uncommon trap: trap_request=0xffffff65 fr.pc=0x00000000032516c8
Event: 343.408 Thread 0x000000001cfb3800 DEOPT PACKING pc=0x00000000032516c8 sp=0x0000000022bdac60
Event: 343.408 Thread 0x000000001cfb3800 DEOPT UNPACKING pc=0x000000000316557b sp=0x0000000022bdac20 mode 2
Event: 343.666 Thread 0x000000001cfb3800 DEOPT PACKING pc=0x000000000603dcc1 sp=0x0000000022bdaca0
Event: 343.666 Thread 0x000000001cfb3800 DEOPT UNPACKING pc=0x00000000031671d0 sp=0x0000000022bdaac8 mode 0


Dynamic libraries:
0x00007ff6d2930000 - 0x00007ff6d2961000 	C:\Program Files\Android\Android Studio\jre\bin\java.exe
0x00007ffd79940000 - 0x00007ffd79b30000 	C:\Windows\SYSTEM32\ntdll.dll
0x00007ffd77e30000 - 0x00007ffd77ee2000 	C:\Windows\System32\KERNEL32.DLL
0x00007ffd76a90000 - 0x00007ffd76d33000 	C:\Windows\System32\KERNELBASE.dll
0x00007ffd77b70000 - 0x00007ffd77c13000 	C:\Windows\System32\ADVAPI32.dll
0x00007ffd78a70000 - 0x00007ffd78b0e000 	C:\Windows\System32\msvcrt.dll
0x00007ffd78b80000 - 0x00007ffd78c17000 	C:\Windows\System32\sechost.dll
0x00007ffd78f60000 - 0x00007ffd79080000 	C:\Windows\System32\RPCRT4.dll
0x00007ffd77c20000 - 0x00007ffd77db4000 	C:\Windows\System32\USER32.dll
0x00007ffd777c0000 - 0x00007ffd777e1000 	C:\Windows\System32\win32u.dll
0x00007ffd77b40000 - 0x00007ffd77b66000 	C:\Windows\System32\GDI32.dll
0x00007ffd76e20000 - 0x00007ffd76fb4000 	C:\Windows\System32\gdi32full.dll
0x00007ffd768f0000 - 0x00007ffd7698e000 	C:\Windows\System32\msvcp_win.dll
0x00007ffd76990000 - 0x00007ffd76a8a000 	C:\Windows\System32\ucrtbase.dll
0x00007ffd68af0000 - 0x00007ffd68d75000 	C:\Windows\WinSxS\amd64_microsoft.windows.common-controls_6595b64144ccf1df_6.0.18362.720_none_e6beb5c51314836b\COMCTL32.dll
0x00007ffd78c20000 - 0x00007ffd78f56000 	C:\Windows\System32\combase.dll
0x00007ffd76fc0000 - 0x00007ffd77040000 	C:\Windows\System32\bcryptPrimitives.dll
0x00007ffd780a0000 - 0x00007ffd780ce000 	C:\Windows\System32\IMM32.DLL
0x00000000610f0000 - 0x00000000611c2000 	C:\Program Files\Android\Android Studio\jre\jre\bin\msvcr100.dll
0x00000000611d0000 - 0x0000000061a16000 	C:\Program Files\Android\Android Studio\jre\jre\bin\server\jvm.dll
0x00007ffd779f0000 - 0x00007ffd779f8000 	C:\Windows\System32\PSAPI.DLL
0x00007ffd73280000 - 0x00007ffd73289000 	C:\Windows\SYSTEM32\WSOCK32.dll
0x00007ffd73190000 - 0x00007ffd731b4000 	C:\Windows\SYSTEM32\WINMM.dll
0x00007ffd78b10000 - 0x00007ffd78b7f000 	C:\Windows\System32\WS2_32.dll
0x00007ffd6efe0000 - 0x00007ffd6efea000 	C:\Windows\SYSTEM32\VERSION.dll
0x00007ffd73160000 - 0x00007ffd7318d000 	C:\Windows\SYSTEM32\winmmbase.dll
0x00007ffd777f0000 - 0x00007ffd7783a000 	C:\Windows\System32\cfgmgr32.dll
0x00007ffd73200000 - 0x00007ffd7320f000 	C:\Program Files\Android\Android Studio\jre\jre\bin\verify.dll
0x00007ffd6ffc0000 - 0x00007ffd6ffe9000 	C:\Program Files\Android\Android Studio\jre\jre\bin\java.dll
0x00007ffd731e0000 - 0x00007ffd731f6000 	C:\Program Files\Android\Android Studio\jre\jre\bin\zip.dll
0x00007ffd780d0000 - 0x00007ffd787b5000 	C:\Windows\System32\SHELL32.dll
0x00007ffd79850000 - 0x00007ffd798f9000 	C:\Windows\System32\shcore.dll
0x00007ffd77040000 - 0x00007ffd777c0000 	C:\Windows\System32\windows.storage.dll
0x00007ffd768a0000 - 0x00007ffd768c3000 	C:\Windows\System32\profapi.dll
0x00007ffd76830000 - 0x00007ffd7687a000 	C:\Windows\System32\powrprof.dll
0x00007ffd76800000 - 0x00007ffd76810000 	C:\Windows\System32\UMPDC.dll
0x00007ffd78040000 - 0x00007ffd78092000 	C:\Windows\System32\shlwapi.dll
0x00007ffd76810000 - 0x00007ffd76821000 	C:\Windows\System32\kernel.appcore.dll
0x00007ffd768d0000 - 0x00007ffd768e7000 	C:\Windows\System32\cryptsp.dll
0x00007ffd70490000 - 0x00007ffd704aa000 	C:\Program Files\Android\Android Studio\jre\jre\bin\net.dll
0x00007ffd69cd0000 - 0x00007ffd69ea5000 	C:\Windows\SYSTEM32\urlmon.dll
0x00007ffd6a3e0000 - 0x00007ffd6a686000 	C:\Windows\SYSTEM32\iertutil.dll
0x00007ffd761e0000 - 0x00007ffd761ec000 	C:\Windows\SYSTEM32\CRYPTBASE.DLL
0x00007ffd76010000 - 0x00007ffd76077000 	C:\Windows\system32\mswsock.dll
0x00007ffd6ff90000 - 0x00007ffd6ffa3000 	C:\Program Files\Android\Android Studio\jre\jre\bin\nio.dll
0x00007ffd6e180000 - 0x00007ffd6e1a6000 	C:\Users\TestUser\.gradle\native\30\windows-amd64\native-platform.dll
0x00007ffd6f7a0000 - 0x00007ffd6f7ad000 	C:\Program Files\Android\Android Studio\jre\jre\bin\management.dll
0x00007ffd75b80000 - 0x00007ffd75bb3000 	C:\Windows\system32\rsaenh.dll
0x00007ffd76d40000 - 0x00007ffd76d66000 	C:\Windows\System32\bcrypt.dll
0x00007ffd766f0000 - 0x00007ffd76715000 	C:\Windows\SYSTEM32\USERENV.dll
0x00007ffd75d20000 - 0x00007ffd75d5a000 	C:\Windows\SYSTEM32\IPHLPAPI.DLL
0x00007ffd788b0000 - 0x00007ffd788b8000 	C:\Windows\System32\NSI.dll
0x00007ffd6cde0000 - 0x00007ffd6cdf6000 	C:\Windows\SYSTEM32\dhcpcsvc6.DLL
0x00007ffd6cdc0000 - 0x00007ffd6cddc000 	C:\Windows\SYSTEM32\dhcpcsvc.DLL
0x00007ffd75d60000 - 0x00007ffd75e2a000 	C:\Windows\SYSTEM32\DNSAPI.dll

VM Arguments:
jvm_args: -Xmx1536m -Dfile.encoding=windows-1252 -Duser.country=ID -Duser.language=en -Duser.variant 
java_command: org.gradle.launcher.daemon.bootstrap.GradleDaemon 5.6.4
java_class_path (initial): C:\Users\TestUser\.gradle\wrapper\dists\gradle-5.6.4-all\ankdp27end7byghfw1q2sw75f\gradle-5.6.4\lib\gradle-launcher-5.6.4.jar
Launcher Type: SUN_STANDARD

Environment Variables:
PATH=C:\Windows\system32;C:\Windows;C:\Windows\System32\Wbem;C:\Windows\System32\WindowsPowerShell\v1.0\;C:\Windows\System32\OpenSSH\;C:\Program Files\Microsoft SQL Server\Client SDK\ODBC\130\Tools\Binn\;C:\Program Files (x86)\Microsoft SQL Server\140\Tools\Binn\;C:\Program Files\Microsoft SQL Server\140\Tools\Binn\;C:\Program Files\Microsoft SQL Server\140\DTS\Binn\;C:\Program Files (x86)\Microsoft SQL Server\Client SDK\ODBC\130\Tools\Binn\;C:\Program Files (x86)\Microsoft SQL Server\140\DTS\Binn\;C:\Program Files (x86)\Microsoft SQL Server\140\Tools\Binn\ManagementStudio\;C:\Program Files\Java\jdk1.8.0_202\bin;C:\Program Files\Git\cmd;C:\Users\TestUser\AppData\Local\Microsoft\WindowsApps;
USERNAME=TestUser
OS=Windows_NT
PROCESSOR_IDENTIFIER=AMD64 Family 22 Model 48 Stepping 1, AuthenticAMD



---------------  S Y S T E M  ---------------

OS: Windows 10.0 , 64 bit Build 18362 (10.0.18362.329)

CPU:total 4 (initial active 4) (4 cores per cpu, 1 threads per core) family 22 model 48 stepping 1, cmov, cx8, fxsr, mmx, sse, sse2, sse3, ssse3, sse4.1, sse4.2, popcnt, avx, aes, clmul, mmxext, 3dnowpref, lzcnt, sse4a, tsc, tscinvbit, tscinv, bmi1

Memory: 4k page, physical 5206388k(791104k free), swap 20935028k(5448k free)

vm_info: OpenJDK 64-Bit Server VM (25.212-b04) for windows-amd64 JRE (1.8.0_212-release-1586-b04), built by "builder" with MS VC++ 10.0 (VS2010)

time: Tue Mar 31 01:34:56 2020
timezone: SE Asia Standard Time
elapsed time: 343 seconds (0d 0h 5m 43s)

